1: package com.shlg.chuang.io;
2: 
3: import java.io.BufferedReader;
4: import java.io.IOException;
5: import java.io.PrintWriter;
6: import java.io.StringReader;
7: 
8: public class FileOutputShortcut {
9:     
10:     static String fileJave = "src/com/shlg/chuang/io/FileOutputShortcut.java";
11: 
12:     static String fileOut = "src/com/shlg/chuang/io/FileOutputShortcut.out";
13: 
14:     public static void main(String[] args) throws IOException {
15:         BufferedReader in = new BufferedReader(new StringReader(BufferedInputFile.read(fileJave)));
16:         PrintWriter out = new PrintWriter(fileOut);
17:         int lineCount = 1;
18:         String s;
19:         while ((s = in.readLine()) != null)
20:             out.println(lineCount++ + ": " + s);
21:         out.close();
22:         System.out.println(BufferedInputFile.read(fileOut));
23:     }
24:     
25: }
